TN:
SF:src/modules/appointments/services/CreateAppointmentsServices.ts
FN:78,__decorate
FN:78,__metadata
FN:78,__param
FN:78,__awaiter
FN:78,adopt
FN:78,fulfilled
FN:78,rejected
FN:78,step
FN:78,__generator
FN:78,sent
FN:78,g.<computed>
FN:78,verb
FN:78,step
FN:78,__importDefault
FN:21,CreateAppointmentsService
FN:33,CreateAppointmentsService.execute
FNF:16
FNH:14
FNDA:1,__decorate
FNDA:1,__metadata
FNDA:3,__param
FNDA:6,__awaiter
FNDA:4,adopt
FNDA:4,fulfilled
FNDA:0,rejected
FNDA:5,step
FNDA:6,__generator
FNDA:4,sent
FNDA:0,g.<computed>
FNDA:18,verb
FNDA:10,step
FNDA:1,__importDefault
FNDA:5,CreateAppointmentsService
FNDA:6,CreateAppointmentsService.execute
DA:1,1
DA:2,1
DA:3,1
DA:4,1
DA:5,1
DA:6,1
DA:7,1
DA:8,1
DA:9,1
DA:10,1
DA:11,1
DA:12,1
DA:13,1
DA:14,1
DA:15,1
DA:16,1
DA:17,1
DA:18,1
DA:19,1
DA:20,1
DA:21,1
DA:22,5
DA:23,5
DA:24,5
DA:25,5
DA:26,5
DA:27,5
DA:28,5
DA:29,5
DA:30,5
DA:31,1
DA:32,1
DA:33,1
DA:34,6
DA:35,6
DA:36,6
DA:37,2
DA:38,2
DA:39,4
DA:40,4
DA:41,6
DA:42,2
DA:43,2
DA:44,2
DA:45,2
DA:46,6
DA:47,1
DA:48,1
DA:49,1
DA:50,1
DA:51,1
DA:52,6
DA:53,6
DA:54,0
DA:55,0
DA:56,6
DA:57,6
DA:58,6
DA:59,6
DA:60,6
DA:61,6
DA:62,6
DA:63,6
DA:64,6
DA:65,6
DA:66,6
DA:67,6
DA:68,6
DA:69,6
DA:70,6
DA:71,6
DA:72,6
DA:73,6
DA:74,6
DA:75,1
DA:76,1
DA:77,1
DA:78,1
LF:78
LH:76
BRDA:78,0,0,1
BRDA:78,1,0,1
BRDA:78,2,0,0
BRDA:78,3,0,0
BRDA:78,4,0,0
BRDA:78,5,0,0
BRDA:78,6,0,1
BRDA:78,7,0,3
BRDA:78,8,0,3
BRDA:78,9,0,6
BRDA:78,10,0,4
BRDA:78,11,0,0
BRDA:78,12,0,6
BRDA:78,13,0,4
BRDA:78,14,0,0
BRDA:78,15,0,5
BRDA:78,16,0,1
BRDA:78,17,0,4
BRDA:78,18,0,6
BRDA:78,19,0,4
BRDA:78,20,0,0
BRDA:78,21,0,18
BRDA:78,22,0,10
BRDA:78,23,0,10
BRDA:78,24,0,0
BRDA:78,25,0,20
BRDA:78,26,0,0
BRDA:78,27,0,0
BRDA:78,28,0,0
BRDA:78,29,0,0
BRDA:78,30,0,10
BRDA:78,31,0,10
BRDA:78,32,0,4
BRDA:78,33,0,0
BRDA:78,34,0,0
BRDA:78,35,0,6
BRDA:78,36,0,0
BRDA:78,37,0,1
BRDA:78,38,0,0
BRDA:78,39,0,0
BRDA:78,40,0,0
BRDA:78,41,0,0
BRDA:78,42,0,10
BRDA:78,43,0,5
BRDA:78,44,0,10
BRDA:78,45,0,6
BRDA:78,46,0,5
BRDA:78,47,0,1
BRDA:78,48,0,0
BRDA:78,49,0,1
BRDA:78,50,0,0
BRDA:20,51,0,1
BRDA:21,52,0,5
BRDA:33,53,0,6
BRDA:78,54,0,6
BRDA:78,55,0,10
BRDA:78,56,0,6
BRDA:36,57,0,2
BRDA:38,58,0,4
BRDA:41,59,0,2
BRDA:46,60,0,1
BRDA:46,61,0,1
BRDA:78,62,0,1
BRDA:53,63,0,0
BRDA:78,64,0,1
BRDA:78,65,0,1
BRDA:78,66,0,1
BRF:67
BRH:45
end_of_record
TN:
SF:src/modules/appointments/services/ListProviderAppointmentsService.ts
FN:58,__decorate
FN:58,__metadata
FN:58,__param
FN:58,__awaiter
FN:58,adopt
FN:58,fulfilled
FN:58,rejected
FN:58,step
FN:58,__generator
FN:58,sent
FN:58,g.<computed>
FN:58,verb
FN:58,step
FN:21,ListProviderAppointmentsService
FN:29,ListProviderAppointmentsService.execute
FNF:15
FNH:13
FNDA:1,__decorate
FNDA:1,__metadata
FNDA:2,__param
FNDA:1,__awaiter
FNDA:3,adopt
FNDA:3,fulfilled
FNDA:0,rejected
FNDA:4,step
FNDA:1,__generator
FNDA:3,sent
FNDA:0,g.<computed>
FNDA:3,verb
FNDA:4,step
FNDA:1,ListProviderAppointmentsService
FNDA:1,ListProviderAppointmentsService.execute
DA:1,1
DA:2,1
DA:3,1
DA:4,1
DA:5,1
DA:6,1
DA:7,1
DA:8,1
DA:9,1
DA:10,1
DA:11,1
DA:12,1
DA:13,1
DA:14,1
DA:15,1
DA:16,1
DA:17,1
DA:18,1
DA:19,1
DA:20,1
DA:21,1
DA:22,1
DA:23,1
DA:24,1
DA:25,1
DA:26,1
DA:27,1
DA:28,1
DA:29,1
DA:30,1
DA:31,1
DA:32,1
DA:33,1
DA:34,1
DA:35,1
DA:36,1
DA:37,1
DA:38,1
DA:39,1
DA:40,1
DA:41,1
DA:42,1
DA:43,1
DA:44,1
DA:45,1
DA:46,1
DA:47,1
DA:48,1
DA:49,1
DA:50,1
DA:51,1
DA:52,1
DA:53,1
DA:54,1
DA:55,1
DA:56,1
DA:57,1
DA:58,1
LF:58
LH:58
BRDA:58,0,0,1
BRDA:58,1,0,1
BRDA:58,2,0,0
BRDA:58,3,0,0
BRDA:58,4,0,0
BRDA:58,5,0,0
BRDA:58,6,0,1
BRDA:58,7,0,2
BRDA:58,8,0,2
BRDA:58,9,0,1
BRDA:58,10,0,3
BRDA:58,11,0,0
BRDA:58,12,0,1
BRDA:58,13,0,3
BRDA:58,14,0,0
BRDA:58,15,0,4
BRDA:58,16,0,1
BRDA:58,17,0,3
BRDA:58,18,0,1
BRDA:58,19,0,3
BRDA:58,20,0,0
BRDA:58,21,0,3
BRDA:58,22,0,4
BRDA:58,23,0,4
BRDA:58,24,0,0
BRDA:58,25,0,8
BRDA:58,26,0,0
BRDA:58,27,0,0
BRDA:58,28,0,0
BRDA:58,29,0,0
BRDA:58,30,0,4
BRDA:58,31,0,4
BRDA:58,32,0,3
BRDA:58,33,0,0
BRDA:58,34,0,0
BRDA:58,35,0,1
BRDA:58,36,0,0
BRDA:58,37,0,0
BRDA:58,38,0,0
BRDA:58,39,0,0
BRDA:58,40,0,0
BRDA:58,41,0,4
BRDA:58,42,0,0
BRDA:58,43,0,4
BRDA:58,44,0,1
BRDA:58,45,0,0
BRDA:58,46,0,1
BRDA:58,47,0,0
BRDA:20,48,0,1
BRDA:21,49,0,1
BRDA:29,50,0,1
BRDA:58,51,0,1
BRDA:58,52,0,4
BRDA:58,53,0,1
BRDA:58,54,0,1
BRDA:40,55,0,0
BRDA:58,56,0,1
BRDA:58,57,0,1
BRDA:54,58,0,1
BRF:59
BRH:36
end_of_record
TN:
SF:src/modules/appointments/services/ListProviderDayAvailabilityService.ts
FN:69,__decorate
FN:69,__metadata
FN:69,__param
FN:69,__awaiter
FN:69,adopt
FN:69,fulfilled
FN:69,rejected
FN:69,step
FN:69,__generator
FN:69,sent
FN:69,g.<computed>
FN:69,verb
FN:69,step
FN:22,ListProvidersDayAvailabilityService
FN:27,ListProvidersDayAvailabilityService.execute
FNF:15
FNH:13
FNDA:1,__decorate
FNDA:1,__metadata
FNDA:1,__param
FNDA:1,__awaiter
FNDA:1,adopt
FNDA:1,fulfilled
FNDA:0,rejected
FNDA:2,step
FNDA:1,__generator
FNDA:1,sent
FNDA:0,g.<computed>
FNDA:3,verb
FNDA:2,step
FNDA:1,ListProvidersDayAvailabilityService
FNDA:1,ListProvidersDayAvailabilityService.execute
DA:1,1
DA:2,1
DA:3,1
DA:4,1
DA:5,1
DA:6,1
DA:7,1
DA:8,1
DA:9,1
DA:10,1
DA:11,1
DA:12,1
DA:13,1
DA:14,1
DA:15,1
DA:16,1
DA:17,1
DA:18,1
DA:19,1
DA:20,1
DA:21,1
DA:22,1
DA:23,1
DA:24,1
DA:25,1
DA:26,1
DA:27,1
DA:28,1
DA:29,1
DA:30,1
DA:31,1
DA:32,1
DA:33,1
DA:34,1
DA:35,1
DA:36,1
DA:37,1
DA:38,1
DA:39,1
DA:40,1
DA:41,1
DA:42,1
DA:43,1
DA:44,1
DA:45,1
DA:46,1
DA:47,1
DA:48,1
DA:49,1
DA:50,1
DA:51,10
DA:52,10
DA:53,10
DA:54,10
DA:55,10
DA:56,10
DA:57,10
DA:58,10
DA:59,10
DA:60,10
DA:61,10
DA:62,1
DA:63,1
DA:64,1
DA:65,1
DA:66,1
DA:67,1
DA:68,1
DA:69,1
LF:69
LH:69
BRDA:69,0,0,1
BRDA:69,1,0,1
BRDA:69,2,0,0
BRDA:69,3,0,0
BRDA:69,4,0,0
BRDA:69,5,0,0
BRDA:69,6,0,1
BRDA:69,7,0,1
BRDA:69,8,0,1
BRDA:69,9,0,1
BRDA:69,10,0,1
BRDA:69,11,0,0
BRDA:69,12,0,1
BRDA:69,13,0,1
BRDA:69,14,0,0
BRDA:69,15,0,2
BRDA:69,16,0,1
BRDA:69,17,0,1
BRDA:69,18,0,1
BRDA:69,19,0,1
BRDA:69,20,0,0
BRDA:69,21,0,3
BRDA:69,22,0,2
BRDA:69,23,0,2
BRDA:69,24,0,0
BRDA:69,25,0,4
BRDA:69,26,0,0
BRDA:69,27,0,0
BRDA:69,28,0,0
BRDA:69,29,0,0
BRDA:69,30,0,2
BRDA:69,31,0,2
BRDA:69,32,0,1
BRDA:69,33,0,0
BRDA:69,34,0,0
BRDA:69,35,0,1
BRDA:69,36,0,0
BRDA:69,37,0,0
BRDA:69,38,0,0
BRDA:69,39,0,0
BRDA:69,40,0,0
BRDA:69,41,0,2
BRDA:69,42,0,0
BRDA:69,43,0,2
BRDA:69,44,0,1
BRDA:69,45,0,0
BRDA:69,46,0,1
BRDA:69,47,0,0
BRDA:21,48,0,1
BRDA:22,49,0,1
BRDA:27,50,0,1
BRDA:69,51,0,1
BRDA:69,52,0,2
BRDA:34,53,0,1
BRDA:69,54,0,1
BRDA:45,55,0,10
BRDA:50,56,0,10
BRDA:60,57,0,8
BRDA:51,58,0,19
BRF:59
BRH:37
end_of_record
TN:
SF:src/modules/appointments/services/ListProviderMonthAvailabilityService.ts
FN:62,__decorate
FN:62,__metadata
FN:62,__param
FN:62,__awaiter
FN:62,adopt
FN:62,fulfilled
FN:62,rejected
FN:62,step
FN:62,__generator
FN:62,sent
FN:62,g.<computed>
FN:62,verb
FN:62,step
FN:21,ListProvidersMonthAvailabilityService
FN:26,ListProvidersMonthAvailabilityService.execute
FNF:15
FNH:13
FNDA:1,__decorate
FNDA:1,__metadata
FNDA:1,__param
FNDA:1,__awaiter
FNDA:1,adopt
FNDA:1,fulfilled
FNDA:0,rejected
FNDA:2,step
FNDA:1,__generator
FNDA:1,sent
FNDA:0,g.<computed>
FNDA:3,verb
FNDA:2,step
FNDA:1,ListProvidersMonthAvailabilityService
FNDA:1,ListProvidersMonthAvailabilityService.execute
DA:1,1
DA:2,1
DA:3,1
DA:4,1
DA:5,1
DA:6,1
DA:7,1
DA:8,1
DA:9,1
DA:10,1
DA:11,1
DA:12,1
DA:13,1
DA:14,1
DA:15,1
DA:16,1
DA:17,1
DA:18,1
DA:19,1
DA:20,1
DA:21,1
DA:22,1
DA:23,1
DA:24,1
DA:25,1
DA:26,1
DA:27,1
DA:28,1
DA:29,1
DA:30,1
DA:31,1
DA:32,1
DA:33,1
DA:34,1
DA:35,1
DA:36,1
DA:37,1
DA:38,1
DA:39,1
DA:40,1
DA:41,1
DA:42,1
DA:43,1
DA:44,1
DA:45,1
DA:46,31
DA:47,341
DA:48,31
DA:49,31
DA:50,31
DA:51,31
DA:52,31
DA:53,31
DA:54,31
DA:55,1
DA:56,1
DA:57,1
DA:58,1
DA:59,1
DA:60,1
DA:61,1
DA:62,1
LF:62
LH:62
BRDA:62,0,0,1
BRDA:62,1,0,1
BRDA:62,2,0,0
BRDA:62,3,0,0
BRDA:62,4,0,0
BRDA:62,5,0,0
BRDA:62,6,0,1
BRDA:62,7,0,1
BRDA:62,8,0,1
BRDA:62,9,0,1
BRDA:62,10,0,1
BRDA:62,11,0,0
BRDA:62,12,0,1
BRDA:62,13,0,1
BRDA:62,14,0,0
BRDA:62,15,0,2
BRDA:62,16,0,1
BRDA:62,17,0,1
BRDA:62,18,0,1
BRDA:62,19,0,1
BRDA:62,20,0,0
BRDA:62,21,0,3
BRDA:62,22,0,2
BRDA:62,23,0,2
BRDA:62,24,0,0
BRDA:62,25,0,4
BRDA:62,26,0,0
BRDA:62,27,0,0
BRDA:62,28,0,0
BRDA:62,29,0,0
BRDA:62,30,0,2
BRDA:62,31,0,2
BRDA:62,32,0,1
BRDA:62,33,0,0
BRDA:62,34,0,0
BRDA:62,35,0,1
BRDA:62,36,0,0
BRDA:62,37,0,0
BRDA:62,38,0,0
BRDA:62,39,0,0
BRDA:62,40,0,0
BRDA:62,41,0,2
BRDA:62,42,0,0
BRDA:62,43,0,2
BRDA:62,44,0,1
BRDA:62,45,0,0
BRDA:62,46,0,1
BRDA:62,47,0,0
BRDA:20,48,0,1
BRDA:21,49,0,1
BRDA:26,50,0,1
BRDA:62,51,0,1
BRDA:62,52,0,2
BRDA:31,53,0,1
BRDA:62,54,0,1
BRDA:42,55,0,31
BRDA:45,56,0,31
BRDA:46,57,0,341
BRF:58
BRH:36
end_of_record
TN:
SF:src/modules/appointments/services/ListProvidersService.ts
FN:44,__decorate
FN:44,__metadata
FN:44,__param
FN:44,__awaiter
FN:44,adopt
FN:44,fulfilled
FN:44,rejected
FN:44,step
FN:44,__generator
FN:44,sent
FN:44,g.<computed>
FN:44,verb
FN:44,step
FN:16,ListProvidersService
FN:24,ListProvidersService.execute
FNF:15
FNH:13
FNDA:1,__decorate
FNDA:1,__metadata
FNDA:2,__param
FNDA:1,__awaiter
FNDA:3,adopt
FNDA:3,fulfilled
FNDA:0,rejected
FNDA:4,step
FNDA:1,__generator
FNDA:3,sent
FNDA:0,g.<computed>
FNDA:3,verb
FNDA:4,step
FNDA:1,ListProvidersService
FNDA:1,ListProvidersService.execute
DA:1,1
DA:2,1
DA:3,1
DA:4,1
DA:5,1
DA:6,1
DA:7,1
DA:8,1
DA:9,1
DA:10,1
DA:11,1
DA:12,1
DA:13,1
DA:14,1
DA:15,1
DA:16,1
DA:17,1
DA:18,1
DA:19,1
DA:20,1
DA:21,1
DA:22,1
DA:23,1
DA:24,1
DA:25,1
DA:26,1
DA:27,1
DA:28,1
DA:29,1
DA:30,1
DA:31,1
DA:32,1
DA:33,1
DA:34,1
DA:35,1
DA:36,1
DA:37,1
DA:38,1
DA:39,1
DA:40,1
DA:41,1
DA:42,1
DA:43,1
DA:44,1
LF:44
LH:44
BRDA:44,0,0,1
BRDA:44,1,0,1
BRDA:44,2,0,0
BRDA:44,3,0,0
BRDA:44,4,0,0
BRDA:44,5,0,0
BRDA:44,6,0,1
BRDA:44,7,0,2
BRDA:44,8,0,2
BRDA:44,9,0,1
BRDA:44,10,0,3
BRDA:44,11,0,0
BRDA:44,12,0,1
BRDA:44,13,0,3
BRDA:44,14,0,0
BRDA:44,15,0,4
BRDA:44,16,0,1
BRDA:44,17,0,3
BRDA:44,18,0,1
BRDA:44,19,0,3
BRDA:44,20,0,0
BRDA:44,21,0,3
BRDA:44,22,0,4
BRDA:44,23,0,4
BRDA:44,24,0,0
BRDA:44,25,0,8
BRDA:44,26,0,0
BRDA:44,27,0,0
BRDA:44,28,0,0
BRDA:44,29,0,0
BRDA:44,30,0,4
BRDA:44,31,0,4
BRDA:44,32,0,3
BRDA:44,33,0,0
BRDA:44,34,0,0
BRDA:44,35,0,1
BRDA:44,36,0,0
BRDA:44,37,0,0
BRDA:44,38,0,0
BRDA:44,39,0,0
BRDA:44,40,0,0
BRDA:44,41,0,4
BRDA:44,42,0,0
BRDA:44,43,0,4
BRDA:44,44,0,1
BRDA:44,45,0,0
BRDA:44,46,0,1
BRDA:44,47,0,0
BRDA:15,48,0,1
BRDA:16,49,0,1
BRDA:24,50,0,1
BRDA:44,51,0,1
BRDA:44,52,0,4
BRDA:25,53,0,1
BRDA:44,54,0,1
BRDA:29,55,0,0
BRDA:44,56,0,1
BRDA:44,57,0,1
BRDA:39,58,0,1
BRF:59
BRH:36
end_of_record
TN:
SF:src/modules/users/services/AuthenticateUserService.ts
FN:63,__decorate
FN:63,__metadata
FN:63,__param
FN:63,__awaiter
FN:63,adopt
FN:63,fulfilled
FN:63,rejected
FN:63,step
FN:63,__generator
FN:63,sent
FN:63,g.<computed>
FN:63,verb
FN:63,step
FN:63,__importDefault
FN:24,AutheticateUserService
FN:33,AutheticateUserService.execute
FNF:16
FNH:14
FNDA:1,__decorate
FNDA:1,__metadata
FNDA:2,__param
FNDA:3,__awaiter
FNDA:5,adopt
FNDA:5,fulfilled
FNDA:0,rejected
FNDA:6,step
FNDA:3,__generator
FNDA:5,sent
FNDA:0,g.<computed>
FNDA:9,verb
FNDA:8,step
FNDA:2,__importDefault
FNDA:4,AutheticateUserService
FNDA:3,AutheticateUserService.execute
DA:1,1
DA:2,1
DA:3,1
DA:4,1
DA:5,1
DA:6,1
DA:7,1
DA:8,1
DA:9,1
DA:10,1
DA:11,1
DA:12,1
DA:13,1
DA:14,1
DA:15,1
DA:16,1
DA:17,1
DA:18,1
DA:19,1
DA:20,1
DA:21,1
DA:22,1
DA:23,1
DA:24,1
DA:25,4
DA:26,4
DA:27,4
DA:28,4
DA:29,4
DA:30,4
DA:31,1
DA:32,1
DA:33,1
DA:34,3
DA:35,3
DA:36,3
DA:37,1
DA:38,1
DA:39,1
DA:40,2
DA:41,2
DA:42,3
DA:43,3
DA:44,1
DA:45,1
DA:46,1
DA:47,1
DA:48,1
DA:49,1
DA:50,1
DA:51,1
DA:52,1
DA:53,1
DA:54,1
DA:55,1
DA:56,1
DA:57,1
DA:58,3
DA:59,3
DA:60,1
DA:61,1
DA:62,1
DA:63,1
LF:63
LH:63
BRDA:63,0,0,1
BRDA:63,1,0,1
BRDA:63,2,0,0
BRDA:63,3,0,0
BRDA:63,4,0,0
BRDA:63,5,0,0
BRDA:63,6,0,1
BRDA:63,7,0,2
BRDA:63,8,0,2
BRDA:63,9,0,3
BRDA:63,10,0,5
BRDA:63,11,0,0
BRDA:63,12,0,3
BRDA:63,13,0,5
BRDA:63,14,0,3
BRDA:63,15,0,2
BRDA:63,16,0,6
BRDA:63,17,0,1
BRDA:63,18,0,5
BRDA:63,19,0,3
BRDA:63,20,0,5
BRDA:63,21,0,0
BRDA:63,22,0,9
BRDA:63,23,0,8
BRDA:63,24,0,8
BRDA:63,25,0,0
BRDA:63,26,0,16
BRDA:63,27,0,0
BRDA:63,28,0,0
BRDA:63,29,0,0
BRDA:63,30,0,0
BRDA:63,31,0,8
BRDA:63,32,0,8
BRDA:63,33,0,5
BRDA:63,34,0,0
BRDA:63,35,0,0
BRDA:63,36,0,3
BRDA:63,37,0,0
BRDA:63,38,0,1
BRDA:63,39,0,0
BRDA:63,40,0,0
BRDA:63,41,0,0
BRDA:63,42,0,0
BRDA:63,43,0,8
BRDA:63,44,0,6
BRDA:63,45,0,2
BRDA:63,46,0,8
BRDA:63,47,0,3
BRDA:63,48,0,2
BRDA:63,49,0,1
BRDA:63,50,0,0
BRDA:63,51,0,2
BRDA:63,52,0,0
BRDA:23,53,0,1
BRDA:24,54,0,4
BRDA:33,55,0,3
BRDA:63,56,0,3
BRDA:63,57,0,8
BRDA:34,58,0,3
BRDA:63,59,0,3
BRDA:36,60,0,1
BRDA:39,61,0,2
BRDA:63,62,0,2
BRDA:43,63,0,1
BRF:64
BRH:44
end_of_record
TN:
SF:src/modules/users/services/CreateUserService.ts
FN:52,__decorate
FN:52,__metadata
FN:52,__param
FN:52,__awaiter
FN:52,adopt
FN:52,fulfilled
FN:52,rejected
FN:52,step
FN:52,__generator
FN:52,sent
FN:52,g.<computed>
FN:52,verb
FN:52,step
FN:52,__importDefault
FN:18,CreateUserService
FN:29,CreateUserService.execute
FNF:16
FNH:14
FNDA:1,__decorate
FNDA:1,__metadata
FNDA:3,__param
FNDA:3,__awaiter
FNDA:9,adopt
FNDA:9,fulfilled
FNDA:0,rejected
FNDA:11,step
FNDA:3,__generator
FNDA:9,sent
FNDA:0,g.<computed>
FNDA:9,verb
FNDA:12,step
FNDA:1,__importDefault
FNDA:2,CreateUserService
FNDA:3,CreateUserService.execute
DA:1,1
DA:2,1
DA:3,1
DA:4,1
DA:5,1
DA:6,1
DA:7,1
DA:8,1
DA:9,1
DA:10,1
DA:11,1
DA:12,1
DA:13,1
DA:14,1
DA:15,1
DA:16,1
DA:17,1
DA:18,1
DA:19,2
DA:20,2
DA:21,2
DA:22,2
DA:23,2
DA:24,2
DA:25,2
DA:26,2
DA:27,2
DA:28,1
DA:29,1
DA:30,3
DA:31,3
DA:32,3
DA:33,3
DA:34,1
DA:35,1
DA:36,1
DA:37,2
DA:38,2
DA:39,3
DA:40,3
DA:41,3
DA:42,3
DA:43,3
DA:44,3
DA:45,3
DA:46,3
DA:47,3
DA:48,3
DA:49,3
DA:50,1
DA:51,1
DA:52,1
LF:52
LH:52
BRDA:52,0,0,1
BRDA:52,1,0,1
BRDA:52,2,0,0
BRDA:52,3,0,0
BRDA:52,4,0,0
BRDA:52,5,0,0
BRDA:52,6,0,1
BRDA:52,7,0,3
BRDA:52,8,0,3
BRDA:52,9,0,3
BRDA:52,10,0,9
BRDA:52,11,0,0
BRDA:52,12,0,3
BRDA:52,13,0,9
BRDA:52,14,0,8
BRDA:52,15,0,1
BRDA:52,16,0,11
BRDA:52,17,0,2
BRDA:52,18,0,9
BRDA:52,19,0,3
BRDA:52,20,0,9
BRDA:52,21,0,0
BRDA:52,22,0,9
BRDA:52,23,0,12
BRDA:52,24,0,12
BRDA:52,25,0,0
BRDA:52,26,0,24
BRDA:52,27,0,0
BRDA:52,28,0,0
BRDA:52,29,0,0
BRDA:52,30,0,0
BRDA:52,31,0,12
BRDA:52,32,0,12
BRDA:52,33,0,9
BRDA:52,34,0,0
BRDA:52,35,0,0
BRDA:52,36,0,3
BRDA:52,37,0,0
BRDA:52,38,0,2
BRDA:52,39,0,0
BRDA:52,40,0,0
BRDA:52,41,0,0
BRDA:52,42,0,0
BRDA:52,43,0,12
BRDA:52,44,0,11
BRDA:52,45,0,1
BRDA:52,46,0,12
BRDA:52,47,0,3
BRDA:52,48,0,1
BRDA:52,49,0,2
BRDA:52,50,0,0
BRDA:52,51,0,1
BRDA:52,52,0,0
BRDA:17,53,0,1
BRDA:18,54,0,2
BRDA:29,55,0,3
BRDA:52,56,0,3
BRDA:52,57,0,12
BRDA:30,58,0,3
BRDA:52,59,0,3
BRDA:33,60,0,1
BRDA:36,61,0,2
BRDA:52,62,0,2
BRDA:52,63,0,2
BRDA:52,64,0,2
BRF:65
BRH:45
end_of_record
TN:
SF:src/modules/users/services/ResetPasswordService.ts
FN:59,__decorate
FN:59,__metadata
FN:59,__param
FN:59,__awaiter
FN:59,adopt
FN:59,fulfilled
FN:59,rejected
FN:59,step
FN:59,__generator
FN:59,sent
FN:59,g.<computed>
FN:59,verb
FN:59,step
FN:59,__importDefault
FN:19,ResetPasswordService
FN:31,ResetPasswordService.execute
FNF:16
FNH:14
FNDA:1,__decorate
FNDA:1,__metadata
FNDA:3,__param
FNDA:4,__awaiter
FNDA:8,adopt
FNDA:8,fulfilled
FNDA:0,rejected
FNDA:9,step
FNDA:4,__generator
FNDA:8,sent
FNDA:0,g.<computed>
FNDA:12,verb
FNDA:12,step
FNDA:1,__importDefault
FNDA:4,ResetPasswordService
FNDA:4,ResetPasswordService.execute
DA:1,1
DA:2,1
DA:3,1
DA:4,1
DA:5,1
DA:6,1
DA:7,1
DA:8,1
DA:9,1
DA:10,1
DA:11,1
DA:12,1
DA:13,1
DA:14,1
DA:15,1
DA:16,1
DA:17,1
DA:18,1
DA:19,1
DA:20,4
DA:21,4
DA:22,4
DA:23,4
DA:24,4
DA:25,4
DA:26,4
DA:27,4
DA:28,4
DA:29,4
DA:30,1
DA:31,1
DA:32,4
DA:33,4
DA:34,4
DA:35,2
DA:36,2
DA:37,2
DA:38,2
DA:39,4
DA:40,4
DA:41,0
DA:42,0
DA:43,4
DA:44,4
DA:45,4
DA:46,4
DA:47,4
DA:48,1
DA:49,1
DA:50,1
DA:51,1
DA:52,4
DA:53,4
DA:54,4
DA:55,4
DA:56,1
DA:57,1
DA:58,1
DA:59,1
LF:59
LH:57
BRDA:59,0,0,1
BRDA:59,1,0,1
BRDA:59,2,0,0
BRDA:59,3,0,0
BRDA:59,4,0,0
BRDA:59,5,0,0
BRDA:59,6,0,1
BRDA:59,7,0,3
BRDA:59,8,0,3
BRDA:59,9,0,4
BRDA:59,10,0,8
BRDA:59,11,0,0
BRDA:59,12,0,4
BRDA:59,13,0,8
BRDA:59,14,0,5
BRDA:59,15,0,3
BRDA:59,16,0,9
BRDA:59,17,0,1
BRDA:59,18,0,8
BRDA:59,19,0,4
BRDA:59,20,0,8
BRDA:59,21,0,0
BRDA:59,22,0,12
BRDA:59,23,0,12
BRDA:59,24,0,12
BRDA:59,25,0,0
BRDA:59,26,0,24
BRDA:59,27,0,0
BRDA:59,28,0,0
BRDA:59,29,0,0
BRDA:59,30,0,0
BRDA:59,31,0,12
BRDA:59,32,0,12
BRDA:59,33,0,8
BRDA:59,34,0,0
BRDA:59,35,0,0
BRDA:59,36,0,4
BRDA:59,37,0,0
BRDA:59,38,0,1
BRDA:59,39,0,0
BRDA:59,40,0,0
BRDA:59,41,0,0
BRDA:59,42,0,0
BRDA:59,43,0,12
BRDA:59,44,0,9
BRDA:59,45,0,3
BRDA:59,46,0,12
BRDA:59,47,0,4
BRDA:59,48,0,3
BRDA:59,49,0,1
BRDA:59,50,0,0
BRDA:59,51,0,1
BRDA:59,52,0,0
BRDA:18,53,0,1
BRDA:19,54,0,4
BRDA:31,55,0,4
BRDA:59,56,0,4
BRDA:59,57,0,12
BRDA:32,58,0,4
BRDA:59,59,0,4
BRDA:34,60,0,2
BRDA:59,61,0,2
BRDA:40,62,0,0
BRDA:47,63,0,1
BRDA:59,64,0,1
BRDA:59,65,0,1
BRF:66
BRH:45
end_of_record
TN:
SF:src/modules/users/services/SendForgotPasswordEmailService.ts
FN:65,__decorate
FN:65,__metadata
FN:65,__param
FN:65,__awaiter
FN:65,adopt
FN:65,fulfilled
FN:65,rejected
FN:65,step
FN:65,__generator
FN:65,sent
FN:65,g.<computed>
FN:65,verb
FN:65,step
FN:65,__importDefault
FN:18,SendForgotPasswordEmailService
FN:29,SendForgotPasswordEmailService.execute
FNF:16
FNH:14
FNDA:1,__decorate
FNDA:1,__metadata
FNDA:3,__param
FNDA:3,__awaiter
FNDA:7,adopt
FNDA:7,fulfilled
FNDA:0,rejected
FNDA:9,step
FNDA:3,__generator
FNDA:7,sent
FNDA:0,g.<computed>
FNDA:9,verb
FNDA:10,step
FNDA:2,__importDefault
FNDA:3,SendForgotPasswordEmailService
FNDA:3,SendForgotPasswordEmailService.execute
DA:1,1
DA:2,1
DA:3,1
DA:4,1
DA:5,1
DA:6,1
DA:7,1
DA:8,1
DA:9,1
DA:10,1
DA:11,1
DA:12,1
DA:13,1
DA:14,1
DA:15,1
DA:16,1
DA:17,1
DA:18,1
DA:19,3
DA:20,3
DA:21,3
DA:22,3
DA:23,3
DA:24,3
DA:25,3
DA:26,3
DA:27,3
DA:28,1
DA:29,1
DA:30,3
DA:31,3
DA:32,3
DA:33,1
DA:34,1
DA:35,2
DA:36,2
DA:37,3
DA:38,3
DA:39,3
DA:40,3
DA:41,3
DA:42,3
DA:43,3
DA:44,3
DA:45,3
DA:46,3
DA:47,3
DA:48,3
DA:49,3
DA:50,3
DA:51,3
DA:52,3
DA:53,3
DA:54,3
DA:55,3
DA:56,3
DA:57,3
DA:58,3
DA:59,3
DA:60,3
DA:61,3
DA:62,1
DA:63,1
DA:64,1
DA:65,1
LF:65
LH:65
BRDA:65,0,0,1
BRDA:65,1,0,1
BRDA:65,2,0,0
BRDA:65,3,0,0
BRDA:65,4,0,0
BRDA:65,5,0,0
BRDA:65,6,0,1
BRDA:65,7,0,3
BRDA:65,8,0,3
BRDA:65,9,0,3
BRDA:65,10,0,7
BRDA:65,11,0,0
BRDA:65,12,0,3
BRDA:65,13,0,7
BRDA:65,14,0,6
BRDA:65,15,0,1
BRDA:65,16,0,9
BRDA:65,17,0,2
BRDA:65,18,0,7
BRDA:65,19,0,3
BRDA:65,20,0,7
BRDA:65,21,0,0
BRDA:65,22,0,9
BRDA:65,23,0,10
BRDA:65,24,0,10
BRDA:65,25,0,0
BRDA:65,26,0,20
BRDA:65,27,0,0
BRDA:65,28,0,0
BRDA:65,29,0,0
BRDA:65,30,0,0
BRDA:65,31,0,10
BRDA:65,32,0,10
BRDA:65,33,0,7
BRDA:65,34,0,0
BRDA:65,35,0,0
BRDA:65,36,0,3
BRDA:65,37,0,0
BRDA:65,38,0,2
BRDA:65,39,0,0
BRDA:65,40,0,0
BRDA:65,41,0,0
BRDA:65,42,0,0
BRDA:65,43,0,10
BRDA:65,44,0,9
BRDA:65,45,0,1
BRDA:65,46,0,10
BRDA:65,47,0,3
BRDA:65,48,0,1
BRDA:65,49,0,2
BRDA:65,50,0,0
BRDA:65,51,0,2
BRDA:65,52,0,1
BRDA:65,53,0,1
BRDA:17,54,0,1
BRDA:18,55,0,3
BRDA:29,56,0,3
BRDA:65,57,0,3
BRDA:65,58,0,10
BRDA:30,59,0,3
BRDA:65,60,0,3
BRDA:32,61,0,1
BRDA:34,62,0,2
BRDA:65,63,0,2
BRDA:65,64,0,2
BRF:65
BRH:46
end_of_record
TN:
SF:src/modules/users/services/ShowProfileService.ts
FN:34,__decorate
FN:34,__metadata
FN:34,__param
FN:34,__awaiter
FN:34,adopt
FN:34,fulfilled
FN:34,rejected
FN:34,step
FN:34,__generator
FN:34,sent
FN:34,g.<computed>
FN:34,verb
FN:34,step
FN:34,__importDefault
FN:17,ShowProfileService
FN:22,ShowProfileService.execute
FNF:16
FNH:14
FNDA:1,__decorate
FNDA:1,__metadata
FNDA:1,__param
FNDA:2,__awaiter
FNDA:2,adopt
FNDA:2,fulfilled
FNDA:0,rejected
FNDA:3,step
FNDA:2,__generator
FNDA:2,sent
FNDA:0,g.<computed>
FNDA:6,verb
FNDA:4,step
FNDA:1,__importDefault
FNDA:2,ShowProfileService
FNDA:2,ShowProfileService.execute
DA:1,1
DA:2,1
DA:3,1
DA:4,1
DA:5,1
DA:6,1
DA:7,1
DA:8,1
DA:9,1
DA:10,1
DA:11,1
DA:12,1
DA:13,1
DA:14,1
DA:15,1
DA:16,1
DA:17,1
DA:18,2
DA:19,2
DA:20,2
DA:21,1
DA:22,1
DA:23,2
DA:24,2
DA:25,2
DA:26,1
DA:27,1
DA:28,1
DA:29,1
DA:30,2
DA:31,2
DA:32,1
DA:33,1
DA:34,1
LF:34
LH:34
BRDA:34,0,0,1
BRDA:34,1,0,1
BRDA:34,2,0,0
BRDA:34,3,0,0
BRDA:34,4,0,0
BRDA:34,5,0,0
BRDA:34,6,0,1
BRDA:34,7,0,1
BRDA:34,8,0,1
BRDA:34,9,0,2
BRDA:34,10,0,2
BRDA:34,11,0,0
BRDA:34,12,0,2
BRDA:34,13,0,2
BRDA:34,14,0,1
BRDA:34,15,0,3
BRDA:34,16,0,1
BRDA:34,17,0,2
BRDA:34,18,0,2
BRDA:34,19,0,2
BRDA:34,20,0,0
BRDA:34,21,0,6
BRDA:34,22,0,4
BRDA:34,23,0,4
BRDA:34,24,0,0
BRDA:34,25,0,8
BRDA:34,26,0,0
BRDA:34,27,0,0
BRDA:34,28,0,0
BRDA:34,29,0,0
BRDA:34,30,0,4
BRDA:34,31,0,4
BRDA:34,32,0,2
BRDA:34,33,0,0
BRDA:34,34,0,0
BRDA:34,35,0,2
BRDA:34,36,0,0
BRDA:34,37,0,1
BRDA:34,38,0,0
BRDA:34,39,0,0
BRDA:34,40,0,0
BRDA:34,41,0,0
BRDA:34,42,0,4
BRDA:34,43,0,3
BRDA:34,44,0,1
BRDA:34,45,0,4
BRDA:34,46,0,2
BRDA:34,47,0,1
BRDA:34,48,0,0
BRDA:34,49,0,1
BRDA:34,50,0,0
BRDA:16,51,0,1
BRDA:17,52,0,2
BRDA:22,53,0,2
BRDA:34,54,0,2
BRDA:34,55,0,4
BRDA:23,56,0,2
BRDA:34,57,0,2
BRDA:25,58,0,1
BRF:59
BRH:39
end_of_record
TN:
SF:src/modules/users/services/UpdateProfileService.ts
FN:69,__decorate
FN:69,__metadata
FN:69,__param
FN:69,__awaiter
FN:69,adopt
FN:69,fulfilled
FN:69,rejected
FN:69,step
FN:69,__generator
FN:69,sent
FN:69,g.<computed>
FN:69,verb
FN:69,step
FN:69,__importDefault
FN:21,UpdateProfile
FN:29,UpdateProfile.execute
FNF:16
FNH:14
FNDA:1,__decorate
FNDA:1,__metadata
FNDA:2,__param
FNDA:7,__awaiter
FNDA:16,adopt
FNDA:16,fulfilled
FNDA:0,rejected
FNDA:19,step
FNDA:7,__generator
FNDA:16,sent
FNDA:0,g.<computed>
FNDA:21,verb
FNDA:23,step
FNDA:1,__importDefault
FNDA:6,UpdateProfile
FNDA:7,UpdateProfile.execute
DA:1,1
DA:2,1
DA:3,1
DA:4,1
DA:5,1
DA:6,1
DA:7,1
DA:8,1
DA:9,1
DA:10,1
DA:11,1
DA:12,1
DA:13,1
DA:14,1
DA:15,1
DA:16,1
DA:17,1
DA:18,1
DA:19,1
DA:20,1
DA:21,1
DA:22,6
DA:23,6
DA:24,6
DA:25,6
DA:26,6
DA:27,6
DA:28,1
DA:29,1
DA:30,7
DA:31,7
DA:32,7
DA:33,1
DA:34,1
DA:35,6
DA:36,6
DA:37,7
DA:38,7
DA:39,1
DA:40,1
DA:41,5
DA:42,5
DA:43,5
DA:44,5
DA:45,7
DA:46,1
DA:47,1
DA:48,4
DA:49,7
DA:50,2
DA:51,2
DA:52,2
DA:53,2
DA:54,7
DA:55,7
DA:56,7
DA:57,7
DA:58,7
DA:59,7
DA:60,7
DA:61,1
DA:62,7
DA:63,7
DA:64,7
DA:65,7
DA:66,7
DA:67,1
DA:68,1
DA:69,1
LF:69
LH:69
BRDA:69,0,0,1
BRDA:69,1,0,1
BRDA:69,2,0,0
BRDA:69,3,0,0
BRDA:69,4,0,0
BRDA:69,5,0,0
BRDA:69,6,0,1
BRDA:69,7,0,2
BRDA:69,8,0,2
BRDA:69,9,0,7
BRDA:69,10,0,16
BRDA:69,11,0,0
BRDA:69,12,0,7
BRDA:69,13,0,16
BRDA:69,14,0,12
BRDA:69,15,0,4
BRDA:69,16,0,19
BRDA:69,17,0,3
BRDA:69,18,0,16
BRDA:69,19,0,7
BRDA:69,20,0,16
BRDA:69,21,0,0
BRDA:69,22,0,21
BRDA:69,23,0,23
BRDA:69,24,0,23
BRDA:69,25,0,0
BRDA:69,26,0,50
BRDA:69,27,0,0
BRDA:69,28,0,0
BRDA:69,29,0,0
BRDA:69,30,0,0
BRDA:69,31,0,23
BRDA:69,32,0,23
BRDA:69,33,0,16
BRDA:69,34,0,0
BRDA:69,35,0,0
BRDA:69,36,0,11
BRDA:69,37,0,0
BRDA:69,38,0,7
BRDA:69,39,0,7
BRDA:69,40,0,4
BRDA:69,41,0,0
BRDA:69,42,0,4
BRDA:69,43,0,0
BRDA:69,44,0,0
BRDA:69,45,0,0
BRDA:69,46,0,27
BRDA:69,47,0,23
BRDA:69,48,0,4
BRDA:69,49,0,27
BRDA:69,50,0,7
BRDA:69,51,0,4
BRDA:69,52,0,3
BRDA:69,53,0,0
BRDA:69,54,0,1
BRDA:69,55,0,0
BRDA:20,56,0,1
BRDA:21,57,0,6
BRDA:29,58,0,7
BRDA:69,59,0,7
BRDA:69,60,0,27
BRDA:30,61,0,7
BRDA:69,62,0,7
BRDA:32,63,0,1
BRDA:34,64,0,6
BRDA:69,65,0,6
BRDA:38,66,0,1
BRDA:38,67,0,1
BRDA:40,68,0,5
BRDA:45,69,0,3
BRDA:45,70,0,1
BRDA:47,71,0,4
BRDA:49,72,0,2
BRDA:49,73,0,2
BRDA:69,74,0,2
BRDA:69,75,0,1
BRDA:69,76,0,3
BRDA:60,77,0,2
BRDA:60,78,0,1
BRDA:69,79,0,1
BRDA:64,80,0,3
BRF:81
BRH:61
end_of_record
TN:
SF:src/modules/users/services/UpdateUserAvatarService.ts
FN:49,__decorate
FN:49,__metadata
FN:49,__param
FN:49,__awaiter
FN:49,adopt
FN:49,fulfilled
FN:49,rejected
FN:49,step
FN:49,__generator
FN:49,sent
FN:49,g.<computed>
FN:49,verb
FN:49,step
FN:49,__importDefault
FN:19,UpdateUserAvatarService
FN:27,UpdateUserAvatarService.execute
FNF:16
FNH:14
FNDA:1,__decorate
FNDA:1,__metadata
FNDA:2,__param
FNDA:4,__awaiter
FNDA:11,adopt
FNDA:11,fulfilled
FNDA:0,rejected
FNDA:14,step
FNDA:4,__generator
FNDA:11,sent
FNDA:0,g.<computed>
FNDA:12,verb
FNDA:15,step
FNDA:1,__importDefault
FNDA:3,UpdateUserAvatarService
FNDA:4,UpdateUserAvatarService.execute
DA:1,1
DA:2,1
DA:3,1
DA:4,1
DA:5,1
DA:6,1
DA:7,1
DA:8,1
DA:9,1
DA:10,1
DA:11,1
DA:12,1
DA:13,1
DA:14,1
DA:15,1
DA:16,1
DA:17,1
DA:18,1
DA:19,1
DA:20,3
DA:21,3
DA:22,3
DA:23,3
DA:24,3
DA:25,3
DA:26,1
DA:27,1
DA:28,4
DA:29,4
DA:30,4
DA:31,1
DA:32,1
DA:33,3
DA:34,3
DA:35,1
DA:36,4
DA:37,4
DA:38,4
DA:39,4
DA:40,4
DA:41,4
DA:42,4
DA:43,4
DA:44,4
DA:45,4
DA:46,4
DA:47,1
DA:48,1
DA:49,1
LF:49
LH:49
BRDA:49,0,0,1
BRDA:49,1,0,1
BRDA:49,2,0,0
BRDA:49,3,0,0
BRDA:49,4,0,0
BRDA:49,5,0,0
BRDA:49,6,0,1
BRDA:49,7,0,2
BRDA:49,8,0,2
BRDA:49,9,0,4
BRDA:49,10,0,11
BRDA:49,11,0,0
BRDA:49,12,0,4
BRDA:49,13,0,11
BRDA:49,14,0,10
BRDA:49,15,0,1
BRDA:49,16,0,14
BRDA:49,17,0,3
BRDA:49,18,0,11
BRDA:49,19,0,4
BRDA:49,20,0,11
BRDA:49,21,0,0
BRDA:49,22,0,12
BRDA:49,23,0,15
BRDA:49,24,0,15
BRDA:49,25,0,0
BRDA:49,26,0,32
BRDA:49,27,0,0
BRDA:49,28,0,0
BRDA:49,29,0,0
BRDA:49,30,0,0
BRDA:49,31,0,15
BRDA:49,32,0,15
BRDA:49,33,0,11
BRDA:49,34,0,0
BRDA:49,35,0,0
BRDA:49,36,0,6
BRDA:49,37,0,0
BRDA:49,38,0,5
BRDA:49,39,0,4
BRDA:49,40,0,2
BRDA:49,41,0,0
BRDA:49,42,0,2
BRDA:49,43,0,0
BRDA:49,44,0,0
BRDA:49,45,0,0
BRDA:49,46,0,17
BRDA:49,47,0,16
BRDA:49,48,0,1
BRDA:49,49,0,17
BRDA:49,50,0,4
BRDA:49,51,0,1
BRDA:49,52,0,3
BRDA:49,53,0,0
BRDA:49,54,0,1
BRDA:49,55,0,0
BRDA:18,56,0,1
BRDA:19,57,0,3
BRDA:27,58,0,4
BRDA:49,59,0,4
BRDA:49,60,0,17
BRDA:28,61,0,4
BRDA:49,62,0,4
BRDA:30,63,0,1
BRDA:32,64,0,3
BRDA:34,65,0,2
BRDA:34,66,0,1
BRDA:49,67,0,1
BRDA:38,68,0,3
BRDA:49,69,0,3
BRDA:49,70,0,3
BRF:71
BRH:51
end_of_record
