TN:
SF:src/modules/appointments/services/CreateAppointmentsServices.ts
FN:44,__decorate
FN:44,__metadata
FN:44,__param
FN:44,__awaiter
FN:44,adopt
FN:44,fulfilled
FN:44,rejected
FN:44,step
FN:44,__generator
FN:44,sent
FN:44,g.<computed>
FN:44,verb
FN:44,step
FN:44,__importDefault
FN:19,CreateAppointmentsService
FN:25,CreateAppointmentsService.execute
FNF:16
FNH:14
FNDA:1,__decorate
FNDA:1,__metadata
FNDA:1,__param
FNDA:3,__awaiter
FNDA:5,adopt
FNDA:5,fulfilled
FNDA:0,rejected
FNDA:7,step
FNDA:3,__generator
FNDA:5,sent
FNDA:0,g.<computed>
FNDA:9,verb
FNDA:8,step
FNDA:1,__importDefault
FNDA:2,CreateAppointmentsService
FNDA:3,CreateAppointmentsService.execute
DA:1,1
DA:2,1
DA:3,1
DA:4,1
DA:5,1
DA:6,1
DA:7,1
DA:8,1
DA:9,1
DA:10,1
DA:11,1
DA:12,1
DA:13,1
DA:14,1
DA:15,1
DA:16,1
DA:17,1
DA:18,1
DA:19,1
DA:20,2
DA:21,2
DA:22,2
DA:23,1
DA:24,1
DA:25,1
DA:26,3
DA:27,3
DA:28,3
DA:29,3
DA:30,3
DA:31,3
DA:32,1
DA:33,1
DA:34,2
DA:35,2
DA:36,2
DA:37,2
DA:38,3
DA:39,3
DA:40,3
DA:41,1
DA:42,1
DA:43,1
DA:44,1
LF:44
LH:44
BRDA:44,0,0,1
BRDA:44,1,0,1
BRDA:44,2,0,0
BRDA:44,3,0,0
BRDA:44,4,0,0
BRDA:44,5,0,0
BRDA:44,6,0,1
BRDA:44,7,0,1
BRDA:44,8,0,1
BRDA:44,9,0,3
BRDA:44,10,0,5
BRDA:44,11,0,0
BRDA:44,12,0,3
BRDA:44,13,0,5
BRDA:44,14,0,4
BRDA:44,15,0,1
BRDA:44,16,0,7
BRDA:44,17,0,2
BRDA:44,18,0,5
BRDA:44,19,0,3
BRDA:44,20,0,5
BRDA:44,21,0,0
BRDA:44,22,0,9
BRDA:44,23,0,8
BRDA:44,24,0,8
BRDA:44,25,0,0
BRDA:44,26,0,16
BRDA:44,27,0,0
BRDA:44,28,0,0
BRDA:44,29,0,0
BRDA:44,30,0,0
BRDA:44,31,0,8
BRDA:44,32,0,8
BRDA:44,33,0,5
BRDA:44,34,0,0
BRDA:44,35,0,0
BRDA:44,36,0,3
BRDA:44,37,0,0
BRDA:44,38,0,2
BRDA:44,39,0,0
BRDA:44,40,0,0
BRDA:44,41,0,0
BRDA:44,42,0,0
BRDA:44,43,0,8
BRDA:44,44,0,7
BRDA:44,45,0,1
BRDA:44,46,0,8
BRDA:44,47,0,3
BRDA:44,48,0,1
BRDA:44,49,0,2
BRDA:44,50,0,0
BRDA:44,51,0,1
BRDA:44,52,0,0
BRDA:18,53,0,1
BRDA:19,54,0,2
BRDA:25,55,0,3
BRDA:44,56,0,3
BRDA:44,57,0,8
BRDA:44,58,0,3
BRDA:44,59,0,3
BRDA:31,60,0,1
BRDA:33,61,0,2
BRDA:44,62,0,2
BRF:63
BRH:43
end_of_record
TN:
SF:src/modules/users/services/AuthenticateUserService.ts
FN:65,__decorate
FN:65,__metadata
FN:65,__param
FN:65,__awaiter
FN:65,adopt
FN:65,fulfilled
FN:65,rejected
FN:65,step
FN:65,__generator
FN:65,sent
FN:65,g.<computed>
FN:65,verb
FN:65,step
FN:65,__importDefault
FN:26,AutheticateUserService
FN:35,AutheticateUserService.execute
FNF:16
FNH:14
FNDA:1,__decorate
FNDA:1,__metadata
FNDA:2,__param
FNDA:4,__awaiter
FNDA:7,adopt
FNDA:7,fulfilled
FNDA:0,rejected
FNDA:9,step
FNDA:4,__generator
FNDA:7,sent
FNDA:0,g.<computed>
FNDA:12,verb
FNDA:11,step
FNDA:2,__importDefault
FNDA:4,AutheticateUserService
FNDA:4,AutheticateUserService.execute
DA:1,1
DA:2,1
DA:3,1
DA:4,1
DA:5,1
DA:6,1
DA:7,1
DA:8,1
DA:9,1
DA:10,1
DA:11,1
DA:12,1
DA:13,1
DA:14,1
DA:15,1
DA:16,1
DA:17,1
DA:18,1
DA:19,1
DA:20,1
DA:21,1
DA:22,1
DA:23,1
DA:24,1
DA:25,1
DA:26,1
DA:27,4
DA:28,4
DA:29,4
DA:30,4
DA:31,4
DA:32,4
DA:33,1
DA:34,1
DA:35,1
DA:36,4
DA:37,4
DA:38,4
DA:39,1
DA:40,1
DA:41,1
DA:42,3
DA:43,3
DA:44,4
DA:45,4
DA:46,1
DA:47,1
DA:48,2
DA:49,2
DA:50,2
DA:51,2
DA:52,2
DA:53,2
DA:54,2
DA:55,2
DA:56,2
DA:57,2
DA:58,2
DA:59,2
DA:60,4
DA:61,4
DA:62,1
DA:63,1
DA:64,1
DA:65,1
LF:65
LH:65
BRDA:65,0,0,1
BRDA:65,1,0,1
BRDA:65,2,0,0
BRDA:65,3,0,0
BRDA:65,4,0,0
BRDA:65,5,0,0
BRDA:65,6,0,1
BRDA:65,7,0,2
BRDA:65,8,0,2
BRDA:65,9,0,4
BRDA:65,10,0,7
BRDA:65,11,0,0
BRDA:65,12,0,4
BRDA:65,13,0,7
BRDA:65,14,0,5
BRDA:65,15,0,2
BRDA:65,16,0,9
BRDA:65,17,0,2
BRDA:65,18,0,7
BRDA:65,19,0,4
BRDA:65,20,0,7
BRDA:65,21,0,0
BRDA:65,22,0,12
BRDA:65,23,0,11
BRDA:65,24,0,11
BRDA:65,25,0,0
BRDA:65,26,0,22
BRDA:65,27,0,0
BRDA:65,28,0,0
BRDA:65,29,0,0
BRDA:65,30,0,0
BRDA:65,31,0,11
BRDA:65,32,0,11
BRDA:65,33,0,7
BRDA:65,34,0,0
BRDA:65,35,0,0
BRDA:65,36,0,4
BRDA:65,37,0,0
BRDA:65,38,0,2
BRDA:65,39,0,0
BRDA:65,40,0,0
BRDA:65,41,0,0
BRDA:65,42,0,0
BRDA:65,43,0,11
BRDA:65,44,0,9
BRDA:65,45,0,2
BRDA:65,46,0,11
BRDA:65,47,0,4
BRDA:65,48,0,2
BRDA:65,49,0,0
BRDA:65,50,0,2
BRDA:65,51,0,0
BRDA:25,52,0,1
BRDA:26,53,0,4
BRDA:35,54,0,4
BRDA:65,55,0,4
BRDA:65,56,0,11
BRDA:36,57,0,4
BRDA:65,58,0,4
BRDA:38,59,0,1
BRDA:41,60,0,3
BRDA:65,61,0,3
BRDA:45,62,0,1
BRDA:47,63,0,2
BRF:64
BRH:44
end_of_record
TN:
SF:src/modules/users/services/CreateUserService.ts
FN:46,__decorate
FN:46,__metadata
FN:46,__param
FN:46,__awaiter
FN:46,adopt
FN:46,fulfilled
FN:46,rejected
FN:46,step
FN:46,__generator
FN:46,sent
FN:46,g.<computed>
FN:46,verb
FN:46,step
FN:46,__importDefault
FN:17,CreateUserService
FN:25,CreateUserService.execute
FNF:16
FNH:14
FNDA:2,__decorate
FNDA:2,__metadata
FNDA:4,__param
FNDA:6,__awaiter
FNDA:16,adopt
FNDA:16,fulfilled
FNDA:0,rejected
FNDA:21,step
FNDA:6,__generator
FNDA:16,sent
FNDA:0,g.<computed>
FNDA:18,verb
FNDA:22,step
FNDA:2,__importDefault
FNDA:5,CreateUserService
FNDA:6,CreateUserService.execute
DA:1,1
DA:2,1
DA:3,1
DA:4,1
DA:5,1
DA:6,1
DA:7,1
DA:8,1
DA:9,1
DA:10,1
DA:11,1
DA:12,1
DA:13,1
DA:14,1
DA:15,1
DA:16,2
DA:17,2
DA:18,5
DA:19,5
DA:20,5
DA:21,5
DA:22,5
DA:23,5
DA:24,2
DA:25,2
DA:26,6
DA:27,6
DA:28,6
DA:29,6
DA:30,1
DA:31,1
DA:32,1
DA:33,5
DA:34,5
DA:35,6
DA:36,6
DA:37,6
DA:38,6
DA:39,6
DA:40,6
DA:41,6
DA:42,6
DA:43,6
DA:44,2
DA:45,1
DA:46,1
LF:46
LH:46
BRDA:46,0,0,2
BRDA:46,1,0,2
BRDA:46,2,0,0
BRDA:46,3,0,0
BRDA:46,4,0,0
BRDA:46,5,0,0
BRDA:46,6,0,2
BRDA:46,7,0,4
BRDA:46,8,0,4
BRDA:46,9,0,6
BRDA:46,10,0,16
BRDA:46,11,0,0
BRDA:46,12,0,6
BRDA:46,13,0,16
BRDA:46,14,0,15
BRDA:46,15,0,1
BRDA:46,16,0,21
BRDA:46,17,0,5
BRDA:46,18,0,16
BRDA:46,19,0,6
BRDA:46,20,0,16
BRDA:46,21,0,0
BRDA:46,22,0,18
BRDA:46,23,0,22
BRDA:46,24,0,22
BRDA:46,25,0,0
BRDA:46,26,0,44
BRDA:46,27,0,0
BRDA:46,28,0,0
BRDA:46,29,0,0
BRDA:46,30,0,0
BRDA:46,31,0,22
BRDA:46,32,0,22
BRDA:46,33,0,16
BRDA:46,34,0,0
BRDA:46,35,0,0
BRDA:46,36,0,6
BRDA:46,37,0,0
BRDA:46,38,0,5
BRDA:46,39,0,0
BRDA:46,40,0,0
BRDA:46,41,0,0
BRDA:46,42,0,0
BRDA:46,43,0,32
BRDA:46,44,0,22
BRDA:46,45,0,21
BRDA:46,46,0,1
BRDA:46,47,0,22
BRDA:46,48,0,6
BRDA:46,49,0,1
BRDA:46,50,0,5
BRDA:46,51,0,0
BRDA:46,52,0,2
BRDA:46,53,0,0
BRDA:16,54,0,2
BRDA:17,55,0,5
BRDA:25,56,0,6
BRDA:46,57,0,6
BRDA:46,58,0,22
BRDA:26,59,0,6
BRDA:46,60,0,6
BRDA:29,61,0,1
BRDA:32,62,0,5
BRDA:46,63,0,5
BRDA:46,64,0,5
BRF:65
BRH:45
end_of_record
TN:
SF:src/modules/users/services/ResetPasswordService.ts
FN:59,__decorate
FN:59,__metadata
FN:59,__param
FN:59,__awaiter
FN:59,adopt
FN:59,fulfilled
FN:59,rejected
FN:59,step
FN:59,__generator
FN:59,sent
FN:59,g.<computed>
FN:59,verb
FN:59,step
FN:59,__importDefault
FN:19,ResetPasswordService
FN:31,ResetPasswordService.execute
FNF:16
FNH:14
FNDA:1,__decorate
FNDA:1,__metadata
FNDA:3,__param
FNDA:4,__awaiter
FNDA:8,adopt
FNDA:8,fulfilled
FNDA:0,rejected
FNDA:9,step
FNDA:4,__generator
FNDA:8,sent
FNDA:0,g.<computed>
FNDA:12,verb
FNDA:12,step
FNDA:1,__importDefault
FNDA:4,ResetPasswordService
FNDA:4,ResetPasswordService.execute
DA:1,1
DA:2,1
DA:3,1
DA:4,1
DA:5,1
DA:6,1
DA:7,1
DA:8,1
DA:9,1
DA:10,1
DA:11,1
DA:12,1
DA:13,1
DA:14,1
DA:15,1
DA:16,1
DA:17,1
DA:18,1
DA:19,1
DA:20,4
DA:21,4
DA:22,4
DA:23,4
DA:24,4
DA:25,4
DA:26,4
DA:27,4
DA:28,4
DA:29,4
DA:30,1
DA:31,1
DA:32,4
DA:33,4
DA:34,4
DA:35,2
DA:36,2
DA:37,2
DA:38,2
DA:39,4
DA:40,4
DA:41,0
DA:42,0
DA:43,4
DA:44,4
DA:45,4
DA:46,4
DA:47,4
DA:48,1
DA:49,1
DA:50,1
DA:51,1
DA:52,4
DA:53,4
DA:54,4
DA:55,4
DA:56,1
DA:57,1
DA:58,1
DA:59,1
LF:59
LH:57
BRDA:59,0,0,1
BRDA:59,1,0,1
BRDA:59,2,0,0
BRDA:59,3,0,0
BRDA:59,4,0,0
BRDA:59,5,0,0
BRDA:59,6,0,1
BRDA:59,7,0,3
BRDA:59,8,0,3
BRDA:59,9,0,4
BRDA:59,10,0,8
BRDA:59,11,0,0
BRDA:59,12,0,4
BRDA:59,13,0,8
BRDA:59,14,0,5
BRDA:59,15,0,3
BRDA:59,16,0,9
BRDA:59,17,0,1
BRDA:59,18,0,8
BRDA:59,19,0,4
BRDA:59,20,0,8
BRDA:59,21,0,0
BRDA:59,22,0,12
BRDA:59,23,0,12
BRDA:59,24,0,12
BRDA:59,25,0,0
BRDA:59,26,0,24
BRDA:59,27,0,0
BRDA:59,28,0,0
BRDA:59,29,0,0
BRDA:59,30,0,0
BRDA:59,31,0,12
BRDA:59,32,0,12
BRDA:59,33,0,8
BRDA:59,34,0,0
BRDA:59,35,0,0
BRDA:59,36,0,4
BRDA:59,37,0,0
BRDA:59,38,0,1
BRDA:59,39,0,0
BRDA:59,40,0,0
BRDA:59,41,0,0
BRDA:59,42,0,0
BRDA:59,43,0,12
BRDA:59,44,0,9
BRDA:59,45,0,3
BRDA:59,46,0,12
BRDA:59,47,0,4
BRDA:59,48,0,3
BRDA:59,49,0,1
BRDA:59,50,0,0
BRDA:59,51,0,1
BRDA:59,52,0,0
BRDA:18,53,0,1
BRDA:19,54,0,4
BRDA:31,55,0,4
BRDA:59,56,0,4
BRDA:59,57,0,12
BRDA:32,58,0,4
BRDA:59,59,0,4
BRDA:34,60,0,2
BRDA:59,61,0,2
BRDA:40,62,0,0
BRDA:47,63,0,1
BRDA:59,64,0,1
BRDA:59,65,0,1
BRF:66
BRH:45
end_of_record
TN:
SF:src/modules/users/services/SendForgotPasswordEmailService.ts
FN:45,__decorate
FN:45,__metadata
FN:45,__param
FN:45,__awaiter
FN:45,adopt
FN:45,fulfilled
FN:45,rejected
FN:45,step
FN:45,__generator
FN:45,sent
FN:45,g.<computed>
FN:45,verb
FN:45,step
FN:45,__importDefault
FN:17,SendForgotPasswordEmailService
FN:28,SendForgotPasswordEmailService.execute
FNF:16
FNH:14
FNDA:1,__decorate
FNDA:1,__metadata
FNDA:3,__param
FNDA:3,__awaiter
FNDA:5,adopt
FNDA:5,fulfilled
FNDA:0,rejected
FNDA:7,step
FNDA:3,__generator
FNDA:5,sent
FNDA:0,g.<computed>
FNDA:9,verb
FNDA:8,step
FNDA:1,__importDefault
FNDA:3,SendForgotPasswordEmailService
FNDA:3,SendForgotPasswordEmailService.execute
DA:1,1
DA:2,1
DA:3,1
DA:4,1
DA:5,1
DA:6,1
DA:7,1
DA:8,1
DA:9,1
DA:10,1
DA:11,1
DA:12,1
DA:13,1
DA:14,1
DA:15,1
DA:16,1
DA:17,1
DA:18,3
DA:19,3
DA:20,3
DA:21,3
DA:22,3
DA:23,3
DA:24,3
DA:25,3
DA:26,3
DA:27,1
DA:28,1
DA:29,3
DA:30,3
DA:31,3
DA:32,1
DA:33,1
DA:34,2
DA:35,2
DA:36,3
DA:37,3
DA:38,3
DA:39,3
DA:40,3
DA:41,3
DA:42,1
DA:43,1
DA:44,1
DA:45,1
LF:45
LH:45
BRDA:45,0,0,1
BRDA:45,1,0,1
BRDA:45,2,0,0
BRDA:45,3,0,0
BRDA:45,4,0,0
BRDA:45,5,0,0
BRDA:45,6,0,1
BRDA:45,7,0,3
BRDA:45,8,0,3
BRDA:45,9,0,3
BRDA:45,10,0,5
BRDA:45,11,0,0
BRDA:45,12,0,3
BRDA:45,13,0,5
BRDA:45,14,0,4
BRDA:45,15,0,1
BRDA:45,16,0,7
BRDA:45,17,0,2
BRDA:45,18,0,5
BRDA:45,19,0,3
BRDA:45,20,0,5
BRDA:45,21,0,0
BRDA:45,22,0,9
BRDA:45,23,0,8
BRDA:45,24,0,8
BRDA:45,25,0,0
BRDA:45,26,0,16
BRDA:45,27,0,0
BRDA:45,28,0,0
BRDA:45,29,0,0
BRDA:45,30,0,0
BRDA:45,31,0,8
BRDA:45,32,0,8
BRDA:45,33,0,5
BRDA:45,34,0,0
BRDA:45,35,0,0
BRDA:45,36,0,3
BRDA:45,37,0,0
BRDA:45,38,0,2
BRDA:45,39,0,0
BRDA:45,40,0,0
BRDA:45,41,0,0
BRDA:45,42,0,0
BRDA:45,43,0,8
BRDA:45,44,0,7
BRDA:45,45,0,1
BRDA:45,46,0,8
BRDA:45,47,0,3
BRDA:45,48,0,1
BRDA:45,49,0,2
BRDA:45,50,0,0
BRDA:45,51,0,1
BRDA:45,52,0,0
BRDA:16,53,0,1
BRDA:17,54,0,3
BRDA:28,55,0,3
BRDA:45,56,0,3
BRDA:45,57,0,8
BRDA:29,58,0,3
BRDA:45,59,0,3
BRDA:31,60,0,1
BRDA:33,61,0,2
BRDA:45,62,0,2
BRF:63
BRH:43
end_of_record
TN:
SF:src/modules/users/services/UpdateUserAvatarService.ts
FN:49,__decorate
FN:49,__metadata
FN:49,__param
FN:49,__awaiter
FN:49,adopt
FN:49,fulfilled
FN:49,rejected
FN:49,step
FN:49,__generator
FN:49,sent
FN:49,g.<computed>
FN:49,verb
FN:49,step
FN:49,__importDefault
FN:19,UpdateUserAvatarService
FN:27,UpdateUserAvatarService.execute
FNF:16
FNH:14
FNDA:1,__decorate
FNDA:1,__metadata
FNDA:2,__param
FNDA:4,__awaiter
FNDA:11,adopt
FNDA:11,fulfilled
FNDA:0,rejected
FNDA:14,step
FNDA:4,__generator
FNDA:11,sent
FNDA:0,g.<computed>
FNDA:12,verb
FNDA:15,step
FNDA:1,__importDefault
FNDA:3,UpdateUserAvatarService
FNDA:4,UpdateUserAvatarService.execute
DA:1,1
DA:2,1
DA:3,1
DA:4,1
DA:5,1
DA:6,1
DA:7,1
DA:8,1
DA:9,1
DA:10,1
DA:11,1
DA:12,1
DA:13,1
DA:14,1
DA:15,1
DA:16,1
DA:17,1
DA:18,1
DA:19,1
DA:20,3
DA:21,3
DA:22,3
DA:23,3
DA:24,3
DA:25,3
DA:26,1
DA:27,1
DA:28,4
DA:29,4
DA:30,4
DA:31,1
DA:32,1
DA:33,3
DA:34,3
DA:35,1
DA:36,4
DA:37,4
DA:38,4
DA:39,4
DA:40,4
DA:41,4
DA:42,4
DA:43,4
DA:44,4
DA:45,4
DA:46,4
DA:47,1
DA:48,1
DA:49,1
LF:49
LH:49
BRDA:49,0,0,1
BRDA:49,1,0,1
BRDA:49,2,0,0
BRDA:49,3,0,0
BRDA:49,4,0,0
BRDA:49,5,0,0
BRDA:49,6,0,1
BRDA:49,7,0,2
BRDA:49,8,0,2
BRDA:49,9,0,4
BRDA:49,10,0,11
BRDA:49,11,0,0
BRDA:49,12,0,4
BRDA:49,13,0,11
BRDA:49,14,0,10
BRDA:49,15,0,1
BRDA:49,16,0,14
BRDA:49,17,0,3
BRDA:49,18,0,11
BRDA:49,19,0,4
BRDA:49,20,0,11
BRDA:49,21,0,0
BRDA:49,22,0,12
BRDA:49,23,0,15
BRDA:49,24,0,15
BRDA:49,25,0,0
BRDA:49,26,0,32
BRDA:49,27,0,0
BRDA:49,28,0,0
BRDA:49,29,0,0
BRDA:49,30,0,0
BRDA:49,31,0,15
BRDA:49,32,0,15
BRDA:49,33,0,11
BRDA:49,34,0,0
BRDA:49,35,0,0
BRDA:49,36,0,6
BRDA:49,37,0,0
BRDA:49,38,0,5
BRDA:49,39,0,4
BRDA:49,40,0,2
BRDA:49,41,0,0
BRDA:49,42,0,2
BRDA:49,43,0,0
BRDA:49,44,0,0
BRDA:49,45,0,0
BRDA:49,46,0,17
BRDA:49,47,0,16
BRDA:49,48,0,1
BRDA:49,49,0,17
BRDA:49,50,0,4
BRDA:49,51,0,1
BRDA:49,52,0,3
BRDA:49,53,0,0
BRDA:49,54,0,1
BRDA:49,55,0,0
BRDA:18,56,0,1
BRDA:19,57,0,3
BRDA:27,58,0,4
BRDA:49,59,0,4
BRDA:49,60,0,17
BRDA:28,61,0,4
BRDA:49,62,0,4
BRDA:30,63,0,1
BRDA:32,64,0,3
BRDA:34,65,0,2
BRDA:34,66,0,1
BRDA:49,67,0,1
BRDA:38,68,0,3
BRDA:49,69,0,3
BRDA:49,70,0,3
BRF:71
BRH:51
end_of_record
